0 info it worked if it ends with ok
1 verbose cli [ 'C:\\Program Files\\nodejs\\node.exe',
1 verbose cli   'C:\\Program Files\\nodejs\\node_modules\\npm\\bin\\npm-cli.js',
1 verbose cli   'run',
1 verbose cli   'builddev' ]
2 info using npm@3.10.8
3 info using node@v6.9.1
4 verbose run-script [ 'prebuilddev', 'builddev', 'postbuilddev' ]
5 info lifecycle reactjsstuff@1.0.0~prebuilddev: reactjsstuff@1.0.0
6 silly lifecycle reactjsstuff@1.0.0~prebuilddev: no script for prebuilddev, continuing
7 info lifecycle reactjsstuff@1.0.0~builddev: reactjsstuff@1.0.0
8 verbose lifecycle reactjsstuff@1.0.0~builddev: unsafe-perm in lifecycle true
9 verbose lifecycle reactjsstuff@1.0.0~builddev: PATH: C:\Program Files\nodejs\node_modules\npm\bin\node-gyp-bin;C:\reactjsstuff\node_modules\.bin;C:\Users\manoj\bin;C:\Program Files\Git\mingw64\bin;C:\Program Files\Git\usr\local\bin;C:\Program Files\Git\usr\bin;C:\Program Files\Git\usr\bin;C:\Program Files\Git\mingw64\bin;C:\Program Files\Git\usr\bin;C:\Users\manoj\bin;C:\Program Files\Microsoft MPI\Bin;C:\tools\ruby23\bin;C:\ProgramData\Oracle\Java\javapath;C:\Program Files\Dell\DW WLAN Card;C:\Program Files (x86)\Intel\iCLS Client;C:\Program Files\Intel\iCLS Client;C:\Windows\system32;C:\Windows;C:\Windows\System32\Wbem;C:\Windows\System32\WindowsPowerShell\v1.0;C:\Program Files\WIDCOMM\Bluetooth Software;C:\Program Files\WIDCOMM\Bluetooth Software\syswow64;C:\Program Files\Intel\Intel(R) Management Engine Components\DAL;C:\Program Files\Intel\Intel(R) Management Engine Components\IPT;C:\Program Files (x86)\Intel\Intel(R) Management Engine Components\DAL;C:\Program Files (x86)\Intel\Intel(R) Management Engine Components\IPT;C:\ProgramData\chocolatey\bin;C:\Program Files\nodejs;C:\HashiCorp\Vagrant\bin;C:\Program Files (x86)\GtkSharp\2.12\bin;C:\Program Files\Microsoft SQL Server\130\Tools\Binn;C:\Program Files\dotnet;C:\Program Files\Anaconda3;C:\Program Files\Anaconda3\Scripts;C:\Program Files\Anaconda3\Library\bin;C:\Program Files\Git\cmd;C:\Program Files (x86)\Skype\Phone;C:\Users\manoj\AppData\Local\Programs\Python\Python35-32\Scripts;C:\Users\manoj\AppData\Local\Programs\Python\Python35-32;C:\Users\manoj\AppData\Roaming\npm;C:\Users\manoj\AppData\Local\atom\bin;C:\Program Files\Java\jdk1.8.0_111\bin;C:\Program Files\Oracle\VirtualBox;C:\Program Files\Java\jdk1.8.0_111\bin;C:\Program Files\Docker Toolbox;C:\Program Files\Git\usr\bin\vendor_perl;C:\Program Files\Git\usr\bin\core_perl
10 verbose lifecycle reactjsstuff@1.0.0~builddev: CWD: C:\reactjsstuff
11 silly lifecycle reactjsstuff@1.0.0~builddev: Args: [ '/d /s /c', 'webpack --config webpack.dev.js' ]
12 silly lifecycle reactjsstuff@1.0.0~builddev: Returned: code: 1  signal: null
13 info lifecycle reactjsstuff@1.0.0~builddev: Failed to exec builddev script
14 verbose stack Error: reactjsstuff@1.0.0 builddev: `webpack --config webpack.dev.js`
14 verbose stack Exit status 1
14 verbose stack     at EventEmitter.<anonymous> (C:\Program Files\nodejs\node_modules\npm\lib\utils\lifecycle.js:255:16)
14 verbose stack     at emitTwo (events.js:106:13)
14 verbose stack     at EventEmitter.emit (events.js:191:7)
14 verbose stack     at ChildProcess.<anonymous> (C:\Program Files\nodejs\node_modules\npm\lib\utils\spawn.js:40:14)
14 verbose stack     at emitTwo (events.js:106:13)
14 verbose stack     at ChildProcess.emit (events.js:191:7)
14 verbose stack     at maybeClose (internal/child_process.js:877:16)
14 verbose stack     at Process.ChildProcess._handle.onexit (internal/child_process.js:226:5)
15 verbose pkgid reactjsstuff@1.0.0
16 verbose cwd C:\reactjsstuff\static_src
17 error Windows_NT 6.3.9600
18 error argv "C:\\Program Files\\nodejs\\node.exe" "C:\\Program Files\\nodejs\\node_modules\\npm\\bin\\npm-cli.js" "run" "builddev"
19 error node v6.9.1
20 error npm  v3.10.8
21 error code ELIFECYCLE
22 error reactjsstuff@1.0.0 builddev: `webpack --config webpack.dev.js`
22 error Exit status 1
23 error Failed at the reactjsstuff@1.0.0 builddev script 'webpack --config webpack.dev.js'.
23 error Make sure you have the latest version of node.js and npm installed.
23 error If you do, this is most likely a problem with the reactjsstuff package,
23 error not with npm itself.
23 error Tell the author that this fails on your system:
23 error     webpack --config webpack.dev.js
23 error You can get information on how to open an issue for this project with:
23 error     npm bugs reactjsstuff
23 error Or if that isn't available, you can get their info via:
23 error     npm owner ls reactjsstuff
23 error There is likely additional logging output above.
24 verbose exit [ 1, true ]
